<?xml version="1.0" encoding="UTF-8"?>
<!-- Generated by org.testng.reporters.JUnitReportReporter -->
<testsuite hostname="WINDOWS-BED5AOG" name="TestCases.VerifyLoginPage" tests="1" failures="0" timestamp="7 Apr 2017 13:40:10 GMT" time="12.040" errors="0">
  <testcase name="testLoginPage" time="12.040" classname="TestCases.VerifyLoginPage"/>
</testsuite> <!-- TestCases.VerifyLoginPage -->
