<?xml version="1.0" encoding="UTF-8"?>
<!-- Generated by org.testng.reporters.JUnitReportReporter -->
<testsuite hostname="WINDOWS-BED5AOG" name="TestCases.VerifyLoginPageWithReports" tests="1" failures="0" timestamp="7 Apr 2017 13:40:33 GMT" time="16.441" errors="0">
  <testcase name="testLoginPage" time="16.441" classname="TestCases.VerifyLoginPageWithReports"/>
</testsuite> <!-- TestCases.VerifyLoginPageWithReports -->
