<?xml version="1.0" encoding="UTF-8"?>
<!-- Generated by org.testng.reporters.JUnitReportReporter -->
<testsuite hostname="WINDOWS-BED5AOG" name="TestCases.VerifyHomePage" tests="1" failures="0" timestamp="7 Apr 2017 13:39:53 GMT" time="18.166" errors="0">
  <testcase name="testHomePage" time="18.166" classname="TestCases.VerifyHomePage"/>
</testsuite> <!-- TestCases.VerifyHomePage -->
